Determining if the include file stdint.h exists failed with the following output:
Change Dir: C:/projects/faocas_qc_w/zlib-1.2.8/build_debug/CMakeFiles/CMakeTmp

Run Build Command:nmake /NOLOGO  "cmTryCompileExec2063287231\fast"
	"C:\Program Files (x86)\Microsoft Visual Studio 9.0\VC\BIN\nmake.exe" -f CMakeFiles\cmTryCompileExec2063287231.dir\build.make /nologo -L                  CMakeFiles\cmTryCompileExec2063287231.dir\build
	"C:\Program Files (x86)\CMake 2.8\bin\cmake.exe" -E cmake_progress_report C:\projects\faocas_qc_w\zlib-1.2.8\build_debug\CMakeFiles\CMakeTmp\CMakeFiles 1
Building C object CMakeFiles/cmTryCompileExec2063287231.dir/CheckIncludeFile.c.obj
	C:\PROGRA~2\MICROS~1.0\VC\bin\cl.exe  @C:\Users\jo\AppData\Local\Temp\nm2EBD.tmp
CheckIncludeFile.c
C:\projects\faocas_qc_w\zlib-1.2.8\build_debug\CMakeFiles\CMakeTmp\CheckIncludeFile.c(1) : fatal error C1083: Cannot open include file: 'stdint.h': No such file or directory
NMAKE : fatal error U1077: 'C:\PROGRA~2\MICROS~1.0\VC\bin\cl.exe' : return code '0x2'
Stop.
NMAKE : fatal error U1077: '"C:\Program Files (x86)\Microsoft Visual Studio 9.0\VC\BIN\nmake.exe"' : return code '0x2'
Stop.


Determining size of off64_t failed with the following output:
Change Dir: C:/projects/faocas_qc_w/zlib-1.2.8/build_debug/CMakeFiles/CMakeTmp

Run Build Command:nmake /NOLOGO  "cmTryCompileExec1215111678\fast"
	"C:\Program Files (x86)\Microsoft Visual Studio 9.0\VC\BIN\nmake.exe" -f CMakeFiles\cmTryCompileExec1215111678.dir\build.make /nologo -L                  CMakeFiles\cmTryCompileExec1215111678.dir\build
	"C:\Program Files (x86)\CMake 2.8\bin\cmake.exe" -E cmake_progress_report C:\projects\faocas_qc_w\zlib-1.2.8\build_debug\CMakeFiles\CMakeTmp\CMakeFiles 1
Building C object CMakeFiles/cmTryCompileExec1215111678.dir/OFF64_T.c.obj
	C:\PROGRA~2\MICROS~1.0\VC\bin\cl.exe  @C:\Users\jo\AppData\Local\Temp\nm3265.tmp
OFF64_T.c
C:\projects\faocas_qc_w\zlib-1.2.8\build_debug\CMakeFiles\CheckTypeSize\OFF64_T.c(18) : error C2065: 'off64_t' : undeclared identifier
C:\projects\faocas_qc_w\zlib-1.2.8\build_debug\CMakeFiles\CheckTypeSize\OFF64_T.c(19) : error C2065: 'off64_t' : undeclared identifier
C:\projects\faocas_qc_w\zlib-1.2.8\build_debug\CMakeFiles\CheckTypeSize\OFF64_T.c(20) : error C2065: 'off64_t' : undeclared identifier
C:\projects\faocas_qc_w\zlib-1.2.8\build_debug\CMakeFiles\CheckTypeSize\OFF64_T.c(21) : error C2065: 'off64_t' : undeclared identifier
C:\projects\faocas_qc_w\zlib-1.2.8\build_debug\CMakeFiles\CheckTypeSize\OFF64_T.c(22) : error C2065: 'off64_t' : undeclared identifier
NMAKE : fatal error U1077: 'C:\PROGRA~2\MICROS~1.0\VC\bin\cl.exe' : return code '0x2'
Stop.
NMAKE : fatal error U1077: '"C:\Program Files (x86)\Microsoft Visual Studio 9.0\VC\BIN\nmake.exe"' : return code '0x2'
Stop.

C:/projects/faocas_qc_w/zlib-1.2.8/build_debug/CMakeFiles/CheckTypeSize/OFF64_T.c:
#include <sys/types.h>
#include <stddef.h>


#undef KEY
#if defined(__i386)
# define KEY '_','_','i','3','8','6'
#elif defined(__x86_64)
# define KEY '_','_','x','8','6','_','6','4'
#elif defined(__ppc__)
# define KEY '_','_','p','p','c','_','_'
#elif defined(__ppc64__)
# define KEY '_','_','p','p','c','6','4','_','_'
#endif

#define SIZE (sizeof(off64_t))
char info_size[] =  {'I', 'N', 'F', 'O', ':', 's','i','z','e','[',
  ('0' + ((SIZE / 10000)%10)),
  ('0' + ((SIZE / 1000)%10)),
  ('0' + ((SIZE / 100)%10)),
  ('0' + ((SIZE / 10)%10)),
  ('0' +  (SIZE    % 10)),
  ']',
#ifdef KEY
  ' ','k','e','y','[', KEY, ']',
#endif
  '\0'};

#ifdef __CLASSIC_C__
int main(argc, argv) int argc; char *argv[];
#else
int main(int argc, char *argv[])
#endif
{
  int require = 0;
  require += info_size[argc];
  (void)argv;
  return require;
}


Determining if the function fseeko exists failed with the following output:
Change Dir: C:/projects/faocas_qc_w/zlib-1.2.8/build_debug/CMakeFiles/CMakeTmp

Run Build Command:nmake /NOLOGO  "cmTryCompileExec1725475182\fast"
	"C:\Program Files (x86)\Microsoft Visual Studio 9.0\VC\BIN\nmake.exe" -f CMakeFiles\cmTryCompileExec1725475182.dir\build.make /nologo -L                  CMakeFiles\cmTryCompileExec1725475182.dir\build
	"C:\Program Files (x86)\CMake 2.8\bin\cmake.exe" -E cmake_progress_report C:\projects\faocas_qc_w\zlib-1.2.8\build_debug\CMakeFiles\CMakeTmp\CMakeFiles 1
Building C object CMakeFiles/cmTryCompileExec1725475182.dir/CheckFunctionExists.c.obj
	C:\PROGRA~2\MICROS~1.0\VC\bin\cl.exe  @C:\Users\jo\AppData\Local\Temp\nm336E.tmp
CheckFunctionExists.c
Linking C executable cmTryCompileExec1725475182.exe
	"C:\Program Files (x86)\CMake 2.8\bin\cmake.exe" -E vs_link_exe C:\PROGRA~2\MICROS~1.0\VC\bin\link.exe /nologo @CMakeFiles\cmTryCompileExec1725475182.dir\objects1.rsp @C:\Users\jo\AppData\Local\Temp\nm33DC.tmp
CheckFunctionExists.c.obj : error LNK2019: unresolved external symbol _fseeko referenced in function _main
cmTryCompileExec1725475182.exe : fatal error LNK1120: 1 unresolved externals
LINK Pass 1 failed. with 1120
NMAKE : fatal error U1077: '"C:\Program Files (x86)\CMake 2.8\bin\cmake.exe"' : return code '0xffffffff'
Stop.
NMAKE : fatal error U1077: '"C:\Program Files (x86)\Microsoft Visual Studio 9.0\VC\BIN\nmake.exe"' : return code '0x2'
Stop.


Determining if the include file unistd.h exists failed with the following output:
Change Dir: C:/projects/faocas_qc_w/zlib-1.2.8/build_debug/CMakeFiles/CMakeTmp

Run Build Command:nmake /NOLOGO  "cmTryCompileExec645796578\fast"
	"C:\Program Files (x86)\Microsoft Visual Studio 9.0\VC\BIN\nmake.exe" -f CMakeFiles\cmTryCompileExec645796578.dir\build.make /nologo -L                  CMakeFiles\cmTryCompileExec645796578.dir\build
	"C:\Program Files (x86)\CMake 2.8\bin\cmake.exe" -E cmake_progress_report C:\projects\faocas_qc_w\zlib-1.2.8\build_debug\CMakeFiles\CMakeTmp\CMakeFiles 1
Building C object CMakeFiles/cmTryCompileExec645796578.dir/CheckIncludeFile.c.obj
	C:\PROGRA~2\MICROS~1.0\VC\bin\cl.exe  @C:\Users\jo\AppData\Local\Temp\nm3542.tmp
CheckIncludeFile.c
C:\projects\faocas_qc_w\zlib-1.2.8\build_debug\CMakeFiles\CMakeTmp\CheckIncludeFile.c(1) : fatal error C1083: Cannot open include file: 'unistd.h': No such file or directory
NMAKE : fatal error U1077: 'C:\PROGRA~2\MICROS~1.0\VC\bin\cl.exe' : return code '0x2'
Stop.
NMAKE : fatal error U1077: '"C:\Program Files (x86)\Microsoft Visual Studio 9.0\VC\BIN\nmake.exe"' : return code '0x2'
Stop.


